<?xml version="1.0" encoding="UTF-8"?>
<!-- Generated by org.testng.reporters.JUnitXMLReporter -->
<testsuite ignored="0" hostname="DESKTOP-IIOPE3V" failures="0" tests="11" name="Default test" time="134.544" errors="0" timestamp="2022-06-21T11:34:46 KST">
  <testcase classname="test.java.Func_05_Character_Customization" name="Character_001_MyMenu_Character" time="27.415"/>
  <testcase classname="test.java.Func_05_Character_Customization" name="Character_002_Skin" time="6.167"/>
  <testcase classname="test.java.Func_05_Character_Customization" name="Character_003_Hair" time="8.217"/>
  <testcase classname="test.java.Func_05_Character_Customization" name="Character_004_Top" time="10.23"/>
  <testcase classname="test.java.Func_05_Character_Customization" name="Character_005_Bottom" time="12.306"/>
  <testcase classname="test.java.Func_05_Character_Customization" name="Character_006_Bag" time="16.281"/>
  <testcase classname="test.java.Func_05_Character_Customization" name="Character_007_Cap" time="6.15"/>
  <testcase classname="test.java.Func_05_Character_Customization" name="Character_008_Shose" time="18.293"/>
  <testcase classname="test.java.Func_05_Character_Customization" name="Character_009_Socks" time="6.192"/>
  <testcase classname="test.java.Func_05_Character_Customization" name="Character_010_Accessories" time="14.305"/>
  <testcase classname="test.java.Func_05_Character_Customization" name="Character_011_Save" time="6.163"/>
</testsuite> <!-- Default test -->
