<?xml version="1.0" encoding="UTF-8"?>
<!-- Generated by org.testng.reporters.JUnitXMLReporter -->
<testsuite ignored="0" hostname="DESKTOP-IIOPE3V" failures="0" tests="16" name="Default test" time="103.885" errors="0" timestamp="2022-06-17T17:48:50 KST">
  <testcase classname="test.java.Func_04_InGame" name="Home_001_InGame_HomeBtn" time="40.629"/>
  <testcase classname="test.java.Func_04_InGame" name="Home_002_InGame_MyMenu_Character" time="8.64"/>
  <testcase classname="test.java.Func_04_InGame" name="Home_003_InGame_MyMenu_Setting" time="8.624"/>
  <testcase classname="test.java.Func_04_InGame" name="Home_004_InGame_BlockTitle" time="2.088"/>
  <testcase classname="test.java.Func_04_InGame" name="Home_005_InGame_BlockFollow" time="4.219"/>
  <testcase classname="test.java.Func_04_InGame" name="Home_006_InGame_BlockUnfollow" time="6.25"/>
  <testcase classname="test.java.Func_04_InGame" name="Home_007_InGame_ZoomOut" time="2.151"/>
  <testcase classname="test.java.Func_04_InGame" name="Home_008_InGame_ZoomIn" time="2.136"/>
  <testcase classname="test.java.Func_04_InGame" name="Home_009_InGame_User" time="0.036"/>
  <testcase classname="test.java.Func_04_InGame" name="Home_010_InGame_MenuBtn" time="4.186"/>
  <testcase classname="test.java.Func_04_InGame" name="Home_011_InGame_SearchNickname" time="3.204"/>
  <testcase classname="test.java.Func_04_InGame" name="Home_012_InGame_CloseMenu" time="2.104"/>
  <testcase classname="test.java.Func_04_InGame" name="Home_013_InGame_Open_Minimap" time="4.223"/>
  <testcase classname="test.java.Func_04_InGame" name="Home_014_InGame_Close_Minimap" time="4.126"/>
  <testcase classname="test.java.Func_04_InGame" name="Home_015_InGame_Open_Notice" time="4.195"/>
  <testcase classname="test.java.Func_04_InGame" name="Home_016_InGame_Close_Notice" time="4.115"/>
</testsuite> <!-- Default test -->
