<?xml version="1.0" encoding="UTF-8"?>
<!-- Generated by org.testng.reporters.JUnitXMLReporter -->
<testsuite ignored="0" hostname="DESKTOP-POJBL9N" failures="0" tests="4" name="Test" time="86.856" errors="0" timestamp="2022-03-31T15:45:13 KST">
  <testcase classname="test.java.DeleteAccount" name="scenario_01_facebookLogin" time="18.471"/>
  <testcase classname="test.java.DeleteAccount" name="scenario_02_deleteAccount" time="11.305"/>
  <testcase classname="test.java.JoinAccount" name="scenario_01_facebookLogin" time="19.432"/>
  <testcase classname="test.java.JoinAccount" name="scenario_02_joinAccount" time="27.535"/>
</testsuite> <!-- Test -->
