<?xml version="1.0" encoding="UTF-8"?>
<testng-results ignored="0" total="4" passed="4" failed="0" skipped="0">
  <reporter-output>
  </reporter-output>
  <suite started-at="2022-03-31T15:57:20 KST" name="Suite" finished-at="2022-03-31T15:58:45 KST" duration-ms="85496">
    <groups>
    </groups>
    <test started-at="2022-03-31T15:57:20 KST" name="Test" finished-at="2022-03-31T15:58:45 KST" duration-ms="85496">
      <class name="test.java.DeleteAccount">
        <test-method is-config="true" signature="createAndStartService()[pri:0, instance:test.java.DeleteAccount@76c3e77a]" started-at="2022-03-31T15:57:20 KST" name="createAndStartService" finished-at="2022-03-31T15:57:25 KST" duration-ms="4915" status="PASS">
          <reporter-output>
          </reporter-output>
        </test-method> <!-- createAndStartService -->
        <test-method signature="scenario_01_facebookLogin()[pri:0, instance:test.java.DeleteAccount@76c3e77a]" started-at="2022-03-31T15:57:25 KST" name="scenario_01_facebookLogin" finished-at="2022-03-31T15:57:43 KST" duration-ms="18456" status="PASS">
          <reporter-output>
          </reporter-output>
        </test-method> <!-- scenario_01_facebookLogin -->
        <test-method signature="scenario_02_deleteAccount()[pri:0, instance:test.java.DeleteAccount@76c3e77a]" started-at="2022-03-31T15:57:43 KST" name="scenario_02_deleteAccount" finished-at="2022-03-31T15:57:55 KST" duration-ms="11319" status="PASS">
          <reporter-output>
          </reporter-output>
        </test-method> <!-- scenario_02_deleteAccount -->
        <test-method is-config="true" signature="quit()[pri:0, instance:test.java.DeleteAccount@76c3e77a]" started-at="2022-03-31T15:57:55 KST" name="quit" finished-at="2022-03-31T15:57:55 KST" duration-ms="140" status="PASS">
          <reporter-output>
          </reporter-output>
        </test-method> <!-- quit -->
      </class> <!-- test.java.DeleteAccount -->
      <class name="test.java.JoinAccount">
        <test-method is-config="true" signature="createAndStartService()[pri:0, instance:test.java.JoinAccount@3d6f0054]" started-at="2022-03-31T15:57:55 KST" name="createAndStartService" finished-at="2022-03-31T15:57:58 KST" duration-ms="3545" status="PASS">
          <reporter-output>
          </reporter-output>
        </test-method> <!-- createAndStartService -->
        <test-method signature="scenario_01_facebookLogin()[pri:0, instance:test.java.JoinAccount@3d6f0054]" started-at="2022-03-31T15:57:58 KST" name="scenario_01_facebookLogin" finished-at="2022-03-31T15:58:18 KST" duration-ms="19441" status="PASS">
          <reporter-output>
          </reporter-output>
        </test-method> <!-- scenario_01_facebookLogin -->
        <test-method signature="scenario_02_joinAccount()[pri:0, instance:test.java.JoinAccount@3d6f0054]" started-at="2022-03-31T15:58:18 KST" name="scenario_02_joinAccount" finished-at="2022-03-31T15:58:45 KST" duration-ms="27526" status="PASS">
          <reporter-output>
          </reporter-output>
        </test-method> <!-- scenario_02_joinAccount -->
        <test-method is-config="true" signature="quit()[pri:0, instance:test.java.JoinAccount@3d6f0054]" started-at="2022-03-31T15:58:45 KST" name="quit" finished-at="2022-03-31T15:58:45 KST" duration-ms="126" status="PASS">
          <reporter-output>
          </reporter-output>
        </test-method> <!-- quit -->
      </class> <!-- test.java.JoinAccount -->
    </test> <!-- Test -->
  </suite> <!-- Suite -->
</testng-results>
