<?xml version="1.0" encoding="UTF-8"?>
<testng-results ignored="0" total="4" passed="4" failed="0" skipped="0">
  <reporter-output>
  </reporter-output>
  <suite started-at="2022-04-05T11:27:57 KST" name="Suite" finished-at="2022-04-05T11:29:24 KST" duration-ms="86653">
    <groups>
    </groups>
    <test started-at="2022-04-05T11:27:57 KST" name="Test" finished-at="2022-04-05T11:29:24 KST" duration-ms="86653">
      <class name="test.java.DeleteAccount">
        <test-method is-config="true" signature="createAndStartService()[pri:0, instance:test.java.DeleteAccount@306e95ec]" started-at="2022-04-05T11:27:57 KST" name="createAndStartService" finished-at="2022-04-05T11:28:03 KST" duration-ms="5851" status="PASS">
          <reporter-output>
          </reporter-output>
        </test-method> <!-- createAndStartService -->
        <test-method signature="scenario_01_facebookLogin()[pri:0, instance:test.java.DeleteAccount@306e95ec]" started-at="2022-04-05T11:28:03 KST" name="scenario_01_facebookLogin" finished-at="2022-04-05T11:28:22 KST" duration-ms="18436" status="PASS">
          <reporter-output>
          </reporter-output>
        </test-method> <!-- scenario_01_facebookLogin -->
        <test-method signature="scenario_02_deleteAccount()[pri:0, instance:test.java.DeleteAccount@306e95ec]" started-at="2022-04-05T11:28:22 KST" name="scenario_02_deleteAccount" finished-at="2022-04-05T11:28:33 KST" duration-ms="11300" status="PASS">
          <reporter-output>
          </reporter-output>
        </test-method> <!-- scenario_02_deleteAccount -->
        <test-method is-config="true" signature="quit()[pri:0, instance:test.java.DeleteAccount@306e95ec]" started-at="2022-04-05T11:28:33 KST" name="quit" finished-at="2022-04-05T11:28:33 KST" duration-ms="125" status="PASS">
          <reporter-output>
          </reporter-output>
        </test-method> <!-- quit -->
      </class> <!-- test.java.DeleteAccount -->
      <class name="test.java.JoinAccount">
        <test-method is-config="true" signature="createAndStartService()[pri:0, instance:test.java.JoinAccount@2ed2d9cb]" started-at="2022-04-05T11:28:33 KST" name="createAndStartService" finished-at="2022-04-05T11:28:37 KST" duration-ms="3764" status="PASS">
          <reporter-output>
          </reporter-output>
        </test-method> <!-- createAndStartService -->
        <test-method signature="scenario_01_facebookLogin()[pri:0, instance:test.java.JoinAccount@2ed2d9cb]" started-at="2022-04-05T11:28:37 KST" name="scenario_01_facebookLogin" finished-at="2022-04-05T11:28:56 KST" duration-ms="19445" status="PASS">
          <reporter-output>
          </reporter-output>
        </test-method> <!-- scenario_01_facebookLogin -->
        <test-method signature="scenario_02_joinAccount()[pri:0, instance:test.java.JoinAccount@2ed2d9cb]" started-at="2022-04-05T11:28:56 KST" name="scenario_02_joinAccount" finished-at="2022-04-05T11:29:24 KST" duration-ms="27527" status="PASS">
          <reporter-output>
          </reporter-output>
        </test-method> <!-- scenario_02_joinAccount -->
        <test-method is-config="true" signature="quit()[pri:0, instance:test.java.JoinAccount@2ed2d9cb]" started-at="2022-04-05T11:29:24 KST" name="quit" finished-at="2022-04-05T11:29:24 KST" duration-ms="182" status="PASS">
          <reporter-output>
          </reporter-output>
        </test-method> <!-- quit -->
      </class> <!-- test.java.JoinAccount -->
    </test> <!-- Test -->
  </suite> <!-- Suite -->
</testng-results>
