<?xml version="1.0" encoding="UTF-8"?>
<testsuite xmlns:xsi="http://www.w3.org/2001/XMLSchema-instance" xsi:noNamespaceSchemaLocation="https://maven.apache.org/surefire/maven-surefire-plugin/xsd/surefire-test-report-3.0.xsd" version="3.0" name="TestSuite" time="1.211" tests="6" errors="0" skipped="5" failures="1">
  <properties>
[...]
</properties>
  <testcase name="createAndStartService" classname="test.java.DeleteAccount" time="1.062">
    <failure message="Could not start a new session. Response code 500. Message: Error forwarding the new session Empty pool of VM for setup Capabilities {browserName: chrome, goog:chromeOptions: {args: [], extensions: []}}&#10;Build info: version: &apos;4.1.2&apos;, revision: &apos;9a5a329c5a&apos;&#10;System info: host: &apos;DESKTOP-POJBL9N&apos;, ip: &apos;172.17.160.181&apos;, os.name: &apos;Windows 10&apos;, os.arch: &apos;amd64&apos;, os.version: &apos;10.0&apos;, java.version: &apos;17.0.2&apos;&#10;Driver info: org.openqa.selenium.remote.RemoteWebDriver&#10;Command: [null, newSession {capabilities=[Capabilities {browserName: chrome, goog:chromeOptions: {args: [], extensions: []}}], desiredCapabilities=Capabilities {browserName: chrome, goog:chromeOptions: {args: [], extensions: []}}}]&#10;Capabilities {}" type="org.openqa.selenium.SessionNotCreatedException"><![CDATA[org.openqa.selenium.SessionNotCreatedException: 
Could not start a new session. Response code 500. Message: Error forwarding the new session Empty pool of VM for setup Capabilities {browserName: chrome, goog:chromeOptions: {args: [], extensions: []}}
Build info: version: '4.1.2', revision: '9a5a329c5a'
System info: host: 'DESKTOP-POJBL9N', ip: '172.17.160.181', os.name: 'Windows 10', os.arch: 'amd64', os.version: '10.0', java.version: '17.0.2'
Driver info: org.openqa.selenium.remote.RemoteWebDriver
Command: [null, newSession {capabilities=[Capabilities {browserName: chrome, goog:chromeOptions: {args: [], extensions: []}}], desiredCapabilities=Capabilities {browserName: chrome, goog:chromeOptions: {args: [], extensions: []}}}]
Capabilities {}
	at test.java.DeleteAccount.createAndStartService(DeleteAccount.java:35)
]]></failure>
    <system-err><![CDATA[4월 05, 2022 10:16:14 오전 org.openqa.selenium.remote.tracing.opentelemetry.OpenTelemetryTracer createTracer
정보: Using OpenTelemetry for tracing
SLF4J: No SLF4J providers were found.
SLF4J: Defaulting to no-operation (NOP) logger implementation
SLF4J: See http://www.slf4j.org/codes.html#noProviders for further details.
]]></system-err>
  </testcase>
  <testcase name="scenario_01_facebookLogin" classname="test.java.DeleteAccount" time="0">
    <skipped message="Could not start a new session. Response code 500. Message: Error forwarding the new session Empty pool of VM for setup Capabilities {browserName: chrome, goog:chromeOptions: {args: [], extensions: []}}&#10;Build info: version: &apos;4.1.2&apos;, revision: &apos;9a5a329c5a&apos;&#10;System info: host: &apos;DESKTOP-POJBL9N&apos;, ip: &apos;172.17.160.181&apos;, os.name: &apos;Windows 10&apos;, os.arch: &apos;amd64&apos;, os.version: &apos;10.0&apos;, java.version: &apos;17.0.2&apos;&#10;Driver info: org.openqa.selenium.remote.RemoteWebDriver&#10;Command: [null, newSession {capabilities=[Capabilities {browserName: chrome, goog:chromeOptions: {args: [], extensions: []}}], desiredCapabilities=Capabilities {browserName: chrome, goog:chromeOptions: {args: [], extensions: []}}}]&#10;Capabilities {}"/>
  </testcase>
  <testcase name="scenario_02_deleteAccount" classname="test.java.DeleteAccount" time="0">
    <skipped message="Could not start a new session. Response code 500. Message: Error forwarding the new session Empty pool of VM for setup Capabilities {browserName: chrome, goog:chromeOptions: {args: [], extensions: []}}&#10;Build info: version: &apos;4.1.2&apos;, revision: &apos;9a5a329c5a&apos;&#10;System info: host: &apos;DESKTOP-POJBL9N&apos;, ip: &apos;172.17.160.181&apos;, os.name: &apos;Windows 10&apos;, os.arch: &apos;amd64&apos;, os.version: &apos;10.0&apos;, java.version: &apos;17.0.2&apos;&#10;Driver info: org.openqa.selenium.remote.RemoteWebDriver&#10;Command: [null, newSession {capabilities=[Capabilities {browserName: chrome, goog:chromeOptions: {args: [], extensions: []}}], desiredCapabilities=Capabilities {browserName: chrome, goog:chromeOptions: {args: [], extensions: []}}}]&#10;Capabilities {}"/>
  </testcase>
  <testcase name="scenario_01_facebookLogin" classname="test.java.JoinAccount" time="0">
    <skipped message="Could not start a new session. Response code 500. Message: Error forwarding the new session Empty pool of VM for setup Capabilities {browserName: chrome, goog:chromeOptions: {args: [], extensions: []}}&#10;Build info: version: &apos;4.1.2&apos;, revision: &apos;9a5a329c5a&apos;&#10;System info: host: &apos;DESKTOP-POJBL9N&apos;, ip: &apos;172.17.160.181&apos;, os.name: &apos;Windows 10&apos;, os.arch: &apos;amd64&apos;, os.version: &apos;10.0&apos;, java.version: &apos;17.0.2&apos;&#10;Driver info: org.openqa.selenium.remote.RemoteWebDriver&#10;Command: [null, newSession {capabilities=[Capabilities {browserName: chrome, goog:chromeOptions: {args: [], extensions: []}}], desiredCapabilities=Capabilities {browserName: chrome, goog:chromeOptions: {args: [], extensions: []}}}]&#10;Capabilities {}"/>
  </testcase>
  <testcase name="scenario_02_joinAccount" classname="test.java.JoinAccount" time="0">
    <skipped message="Could not start a new session. Response code 500. Message: Error forwarding the new session Empty pool of VM for setup Capabilities {browserName: chrome, goog:chromeOptions: {args: [], extensions: []}}&#10;Build info: version: &apos;4.1.2&apos;, revision: &apos;9a5a329c5a&apos;&#10;System info: host: &apos;DESKTOP-POJBL9N&apos;, ip: &apos;172.17.160.181&apos;, os.name: &apos;Windows 10&apos;, os.arch: &apos;amd64&apos;, os.version: &apos;10.0&apos;, java.version: &apos;17.0.2&apos;&#10;Driver info: org.openqa.selenium.remote.RemoteWebDriver&#10;Command: [null, newSession {capabilities=[Capabilities {browserName: chrome, goog:chromeOptions: {args: [], extensions: []}}], desiredCapabilities=Capabilities {browserName: chrome, goog:chromeOptions: {args: [], extensions: []}}}]&#10;Capabilities {}"/>
  </testcase>
  <testcase name="quit" classname="test.java.JoinAccount" time="0">
    <skipped/>
  </testcase>
</testsuite>